<?xml version="1.0" encoding="UTF-8"?>
<!-- Generated by org.testng.reporters.JUnitXMLReporter -->
<testsuite hostname="HAP-131" ignored="0" name="BayerAPIsuite" tests="16" failures="0" timestamp="2020-04-06T15:58:43 IST" time="5.114" errors="0">
  <testcase name="checkUnsupportedPincodeApple" time="3.932" classname="com.bayerapi.testcases.TC01_GetAreaCrops"/>
  <testcase name="getAreaCropApple" time="0.093" classname="com.bayerapi.testcases.TC01_GetAreaCrops"/>
  <testcase name="getAreaCropGrape" time="0.095" classname="com.bayerapi.testcases.TC01_GetAreaCrops"/>
  <testcase name="getAreaCropTomato" time="0.098" classname="com.bayerapi.testcases.TC01_GetAreaCrops"/>
  <testcase name="checkDiseaseDescriptionGrape" time="0.042" classname="com.bayerapi.testcases.TC02_GetDiseaseDetailsGrape"/>
  <testcase name="checkDiseaseIDsGrape" time="0.048" classname="com.bayerapi.testcases.TC02_GetDiseaseDetailsGrape"/>
  <testcase name="checkDiseaseNamesGrape" time="0.047" classname="com.bayerapi.testcases.TC02_GetDiseaseDetailsGrape"/>
  <testcase name="checkImageListGrape" time="0.042" classname="com.bayerapi.testcases.TC02_GetDiseaseDetailsGrape"/>
  <testcase name="checkDiseaseDescriptionApple" time="0.038" classname="com.bayerapi.testcases.TC03_GetDiseaseDetailsApple"/>
  <testcase name="checkDiseaseIDsApple" time="0.052" classname="com.bayerapi.testcases.TC03_GetDiseaseDetailsApple"/>
  <testcase name="checkDiseaseNamesApple" time="0.038" classname="com.bayerapi.testcases.TC03_GetDiseaseDetailsApple"/>
  <testcase name="checkImageListApple" time="0.04" classname="com.bayerapi.testcases.TC03_GetDiseaseDetailsApple"/>
  <testcase name="checkDiseaseDescriptionTomato" time="0.045" classname="com.bayerapi.testcases.TC04_GetDiseaseDetailsTomato"/>
  <testcase name="checkDiseaseIDsTomato" time="0.032" classname="com.bayerapi.testcases.TC04_GetDiseaseDetailsTomato"/>
  <testcase name="checkDiseaseNamesTomato" time="0.033" classname="com.bayerapi.testcases.TC04_GetDiseaseDetailsTomato"/>
  <testcase name="checkImageListTomato" time="0.036" classname="com.bayerapi.testcases.TC04_GetDiseaseDetailsTomato"/>
</testsuite> <!-- BayerAPIsuite -->
