<?xml version="1.0" encoding="UTF-8"?>
<!-- Generated by org.testng.reporters.JUnitXMLReporter -->
<testsuite hostname="HAP-131" ignored="0" name="BayerAPIsuite" tests="16" failures="0" timestamp="2020-05-29T12:57:43 IST" time="4.906" errors="0">
  <testcase name="checkUnsupportedPincodeApple" time="3.712" classname="com.bayerapi.testcases.TC01_GetAreaCrops"/>
  <testcase name="getAreaCropApple" time="0.072" classname="com.bayerapi.testcases.TC01_GetAreaCrops"/>
  <testcase name="getAreaCropGrape" time="0.07" classname="com.bayerapi.testcases.TC01_GetAreaCrops"/>
  <testcase name="getAreaCropTomato" time="0.072" classname="com.bayerapi.testcases.TC01_GetAreaCrops"/>
  <testcase name="checkDiseaseDescriptionGrape" time="0.037" classname="com.bayerapi.testcases.TC02_GetDiseaseDetailsGrape"/>
  <testcase name="checkDiseaseIDsGrape" time="0.036" classname="com.bayerapi.testcases.TC02_GetDiseaseDetailsGrape"/>
  <testcase name="checkDiseaseNamesGrape" time="0.032" classname="com.bayerapi.testcases.TC02_GetDiseaseDetailsGrape"/>
  <testcase name="checkImageListGrape" time="0.032" classname="com.bayerapi.testcases.TC02_GetDiseaseDetailsGrape"/>
  <testcase name="checkDiseaseDescriptionApple" time="0.087" classname="com.bayerapi.testcases.TC03_GetDiseaseDetailsApple"/>
  <testcase name="checkDiseaseIDsApple" time="0.075" classname="com.bayerapi.testcases.TC03_GetDiseaseDetailsApple"/>
  <testcase name="checkDiseaseNamesApple" time="0.048" classname="com.bayerapi.testcases.TC03_GetDiseaseDetailsApple"/>
  <testcase name="checkImageListApple" time="0.025" classname="com.bayerapi.testcases.TC03_GetDiseaseDetailsApple"/>
  <testcase name="checkDiseaseDescriptionTomato" time="0.024" classname="com.bayerapi.testcases.TC04_GetDiseaseDetailsTomato"/>
  <testcase name="checkDiseaseIDsTomato" time="0.028" classname="com.bayerapi.testcases.TC04_GetDiseaseDetailsTomato"/>
  <testcase name="checkDiseaseNamesTomato" time="0.031" classname="com.bayerapi.testcases.TC04_GetDiseaseDetailsTomato"/>
  <testcase name="checkImageListTomato" time="0.026" classname="com.bayerapi.testcases.TC04_GetDiseaseDetailsTomato"/>
</testsuite> <!-- BayerAPIsuite -->
