<?xml version="1.0" encoding="UTF-8"?>
<!-- Generated by org.testng.reporters.JUnitXMLReporter -->
<testsuite ignored="0" hostname="HAP-131" failures="0" tests="4" name="Default test" time="3.315" errors="0" timestamp="2020-04-06T00:21:40 IST">
  <testcase classname="com.bayerapi.testcases.TC02_GetDiseaseDetailsGrape" name="checkDiseaseDescriptionGrape" time="0.83"/>
  <testcase classname="com.bayerapi.testcases.TC02_GetDiseaseDetailsGrape" name="checkDiseaseIDsGrape" time="0.047"/>
  <testcase classname="com.bayerapi.testcases.TC02_GetDiseaseDetailsGrape" name="checkDiseaseNamesGrape" time="0.039"/>
  <testcase classname="com.bayerapi.testcases.TC02_GetDiseaseDetailsGrape" name="checkImageListGrape" time="0.038"/>
</testsuite> <!-- Default test -->
